[00:00:58] [Server thread/INFO]: Vonxoh has made the advancement [Eye Spy]
[00:03:50] [Server thread/INFO]: Vonxoh issued server command: /home
[00:04:10] [Server thread/INFO]: Vonxoh issued server command: /back
[00:44:59] [Server thread/WARN]: Vonxoh moved too quickly! -2.550859812246472,0.0,-16.691193006034155
[00:45:10] [Server thread/WARN]: Vonxoh moved too quickly! 1.4076781974581536,0.0,11.108037599145518
[00:48:36] [Server thread/INFO]: Vonxoh issued server command: /sethome end
[00:49:19] [Server thread/INFO]: Vonxoh issued server command: /home
[00:52:59] [Server thread/INFO]: Vonxoh has made the advancement [Hot Stuff]
[00:53:01] [Server thread/INFO]: Vonxoh issued server command: /home
[00:53:12] [Server thread/INFO]: Vonxoh issued server command: /back
[00:53:15] [Server thread/INFO]: Vonxoh issued server command: /back
[00:53:17] [Server thread/INFO]: Vonxoh issued server command: /back
[00:53:19] [Server thread/INFO]: Vonxoh issued server command: /back
[00:53:21] [Server thread/INFO]: Vonxoh issued server command: /back
[00:53:24] [Server thread/INFO]: Vonxoh issued server command: /back
[00:53:26] [Server thread/INFO]: Vonxoh issued server command: /back
[00:53:27] [Server thread/INFO]: Vonxoh issued server command: /back
[00:53:29] [Server thread/INFO]: Vonxoh issued server command: /back
[00:53:32] [Server thread/INFO]: Vonxoh issued server command: /back
[00:53:36] [Server thread/INFO]: Vonxoh issued server command: /back
[00:53:37] [Server thread/INFO]: Vonxoh issued server command: /back
[00:54:40] [User Authenticator #2/INFO]: UUID of player Itsantiago19 is 0108f499-1057-35f6-924a-6e81c31d8906
[00:54:40] [Server thread/INFO]: Itsantiago19 joined the game
[00:54:40] [Server thread/INFO]: Itsantiago19[/127.250.11.53:55709] logged in with entity id 25375 at ([world]1939.5, 63.0, 3463.5)
[00:54:47] [Server thread/INFO]: Vonxoh issued server command: /back
[00:54:50] [Server thread/INFO]: Vonxoh issued server command: /back
[00:55:55] [Async Chat Thread - #1/INFO]: [Not Secure] <Itsantiago19> ya t pusiste full mending?
[00:55:59] [Async Chat Thread - #0/INFO]: [Not Secure] <Vonxoh> sip
[00:56:10] [Async Chat Thread - #1/INFO]: [Not Secure] <Itsantiago19> ahora lo hago de paso
[00:58:05] [Async Chat Thread - #2/INFO]: [Not Secure] <Vonxoh> Voy a dormir un rato
[00:58:08] [Async Chat Thread - #3/INFO]: [Not Secure] <Itsantiago19> dale
[00:58:21] [Async Chat Thread - #2/INFO]: [Not Secure] <Vonxoh> si quieres cuando termines busca algun otro aldeano
[00:58:22] [Server thread/INFO]: Vonxoh lost connection: Disconnected
[00:58:22] [Server thread/INFO]: [voicechat] Disconnecting client Vonxoh
[00:58:22] [Server thread/INFO]: Vonxoh left the game
[01:03:20] [Server thread/INFO]: Itsantiago19 lost connection: Disconnected
[01:03:20] [Server thread/INFO]: [voicechat] Disconnecting client Itsantiago19
[01:03:20] [Server thread/INFO]: Itsantiago19 left the game
[01:20:14] [User Authenticator #3/INFO]: UUID of player chemesito is 39dc8797-0ea4-3a57-8f1e-4ffb8c41b19f
[01:20:14] [Server thread/INFO]: chemesito joined the game
[01:20:14] [Server thread/INFO]: chemesito[/127.103.16.147:39777] logged in with entity id 27172 at ([world]1944.244025736099, 63.0, 3457.384586197129)
[01:21:02] [Server thread/INFO]: chemesito lost connection: Disconnected
[01:21:02] [Server thread/INFO]: [voicechat] Disconnecting client chemesito
[01:21:02] [Server thread/INFO]: chemesito left the game
